<?xml version="1.0" encoding="UTF-8"?>
<!-- Generated by org.testng.reporters.JUnitXMLReporter -->
<testsuite ignored="0" hostname="DESKTOP-P6NGEVN" failures="0" tests="1" name="Test-Runner-1" time="77.336" errors="0" timestamp="2023-03-08T13:16:21 IST">
  <testcase classname="practiseTestNG.CreateContactwithOrgwithPOMTest" name="createContactWithOrgwithPOMTest" time="55.756"/>
</testsuite> <!-- Test-Runner-1 -->
