<?xml version="1.0" encoding="UTF-8"?>
<!-- Generated by org.testng.reporters.JUnitXMLReporter -->
<testsuite ignored="0" hostname="DESKTOP-P6NGEVN" failures="0" tests="1" name="Test-1" time="31.237" errors="0" timestamp="2023-03-08T12:41:50 IST">
  <testcase classname="practise.CreateOrgWithIndustryandType_Test" name="createOrgWithIndustryandtype" time="18.285"/>
</testsuite> <!-- Test-1 -->
