<?xml version="1.0" encoding="UTF-8"?>
<!-- Generated by org.testng.reporters.JUnitXMLReporter -->
<testsuite ignored="0" hostname="DESKTOP-P6NGEVN" failures="0" tests="1" name="Test-2" time="31.712" errors="0" timestamp="2023-03-08T12:41:50 IST">
  <testcase classname="practise.CreateOrgWithIndustryTest" name="createOrgwithIndustry" time="17.554"/>
</testsuite> <!-- Test-2 -->
