<?xml version="1.0" encoding="UTF-8"?>
<!-- Generated by org.testng.reporters.JUnitReportReporter -->
<testsuite hostname="DESKTOP-P6NGEVN" failures="0" tests="1" name="vTiger.ContactsTest.CreateContactWithOrganisationTest" time="54.112" errors="0" timestamp="2023-02-28T13:45:24 IST" skipped="0">
  <testcase classname="vTiger.ContactsTest.CreateContactWithOrganisationTest" name="createContactWithOrganizationTest" time="54.112"/>
  <system-out/>
</testsuite> <!-- vTiger.ContactsTest.CreateContactWithOrganisationTest -->
