<?xml version="1.0" encoding="UTF-8"?>
<!-- Generated by org.testng.reporters.JUnitReportReporter -->
<testsuite hostname="DESKTOP-P6NGEVN" failures="0" tests="1" name="practiseTestNG.CreateContactwithOrgwithPOMTest" time="58.420" errors="0" timestamp="2023-03-14T14:01:50 IST" skipped="0">
  <testcase classname="practiseTestNG.CreateContactwithOrgwithPOMTest" name="createContactWithOrgwithPOMTest" time="58.420"/>
  <system-out>
    <![CDATA[navigate to organization page successful
click on create organization img successful
create organization successful
organization verification succesful
navigate to contacts page successful
create contact successful
contact verification successful]]>
  </system-out>
</testsuite> <!-- practiseTestNG.CreateContactwithOrgwithPOMTest -->
