<?xml version="1.0" encoding="UTF-8"?>
<!-- Generated by org.testng.reporters.JUnitReportReporter -->
<testsuite hostname="DESKTOP-P6NGEVN" failures="0" tests="1" name="vTiger.ContactsTest.CreateContactwithOrgwithPOMTest" time="60.341" errors="0" timestamp="2023-02-28T13:44:00 IST" skipped="0">
  <testcase classname="vTiger.ContactsTest.CreateContactwithOrgwithPOMTest" name="createContactWithOrgwithPOMTest" time="60.341"/>
  <system-out/>
</testsuite> <!-- vTiger.ContactsTest.CreateContactwithOrgwithPOMTest -->
