<?xml version="1.0" encoding="UTF-8"?>
<!-- Generated by org.testng.reporters.JUnitReportReporter -->
<testsuite hostname="DESKTOP-P6NGEVN" failures="0" tests="1" name="organisations.CreateOrganisationsTest" time="36.257" errors="0" timestamp="2023-02-28T13:42:39 IST" skipped="0">
  <testcase classname="organisations.CreateOrganisationsTest" name="createOrganizationTest" time="36.257"/>
  <system-out/>
</testsuite> <!-- organisations.CreateOrganisationsTest -->
