<?xml version="1.0" encoding="UTF-8"?>
<!-- Generated by org.testng.reporters.JUnitReportReporter -->
<testsuite hostname="DESKTOP-P6NGEVN" failures="0" tests="1" name="practiseTestNG.ReadDataFromCommandLine" time="0.032" errors="0" timestamp="2023-03-20T12:57:15 IST" skipped="0">
  <testcase classname="practiseTestNG.ReadDataFromCommandLine" name="commndline" time="0.032"/>
  <system-out/>
</testsuite> <!-- practiseTestNG.ReadDataFromCommandLine -->
