<?xml version="1.0" encoding="UTF-8"?>
<!-- Generated by org.testng.reporters.JUnitReportReporter -->
<testsuite hostname="DESKTOP-P6NGEVN" failures="0" tests="1" name="practise.CreateOrgWithIndustryandType_Test" time="38.530" errors="0" timestamp="2023-03-20T13:27:29 IST" skipped="0">
  <testcase classname="practise.CreateOrgWithIndustryandType_Test" name="createOrgWithIndustryandtype" time="38.530"/>
  <system-out/>
</testsuite> <!-- practise.CreateOrgWithIndustryandType_Test -->
