<?xml version="1.0" encoding="UTF-8"?>
<!-- Generated by org.testng.reporters.JUnitReportReporter -->
<testsuite hostname="DESKTOP-P6NGEVN" failures="0" tests="3" name="practiseTestNG.PractiseTestNG" time="0.024" errors="0" timestamp="2023-03-02T12:55:52 IST" skipped="1">
  <testcase classname="practiseTestNG.PractiseTestNG" name="deleteUser" time="0.021"/>
  <system-out/>
  <testcase classname="practiseTestNG.PractiseTestNG" name="updateUser" time="0.003"/>
  <system-out/>
  <testcase classname="practiseTestNG.PractiseTestNG" name="createUser">
    <skipped/>
  </testcase> <!-- createUser -->
  <system-out/>
</testsuite> <!-- practiseTestNG.PractiseTestNG -->
