<?xml version="1.0" encoding="UTF-8"?>
<!-- Generated by org.testng.reporters.JUnitReportReporter -->
<testsuite hostname="DESKTOP-P6NGEVN" failures="0" tests="3" name="practise.PractiseDataProvider" time="0.036" errors="0" timestamp="2023-03-09T12:59:32 IST" skipped="0">
  <testcase classname="practise.PractiseDataProvider" name="data" time="0.008"/>
  <system-out/>
  <testcase classname="practise.PractiseDataProvider" name="data" time="0.024"/>
  <system-out/>
  <testcase classname="practise.PractiseDataProvider" name="data" time="0.004"/>
  <system-out/>
</testsuite> <!-- practise.PractiseDataProvider -->
