<?xml version="1.0" encoding="UTF-8"?>
<!-- Generated by org.testng.reporters.JUnitReportReporter -->
<testsuite hostname="DESKTOP-P6NGEVN" failures="0" tests="1" name="practise.CreateContactTest" time="48.106" errors="0" timestamp="2023-03-30T13:39:57 IST" skipped="0">
  <testcase classname="practise.CreateContactTest" name="createContactTest" time="48.106"/>
  <system-out/>
</testsuite> <!-- practise.CreateContactTest -->
