<?xml version="1.0" encoding="UTF-8"?>
<!-- Generated by org.testng.reporters.JUnitReportReporter -->
<testsuite hostname="DESKTOP-P6NGEVN" failures="0" tests="2" name="practise.TestNGpractise" time="0.020" errors="0" timestamp="2023-02-28T13:27:14 IST" skipped="0">
  <testcase classname="practise.TestNGpractise" name="sample" time="0.017"/>
  <system-out/>
  <testcase classname="practise.TestNGpractise" name="sampleScript" time="0.003"/>
  <system-out/>
</testsuite> <!-- practise.TestNGpractise -->
