<?xml version="1.0" encoding="UTF-8"?>
<!-- Generated by org.testng.reporters.JUnitReportReporter -->
<testsuite hostname="DESKTOP-P6NGEVN" failures="0" tests="1" name="practise.CreateContactTest" time="33.852" errors="0" timestamp="2023-03-25T12:38:06 IST" skipped="0">
  <testcase classname="practise.CreateContactTest" name="createContactTest" time="33.852"/>
  <system-out/>
</testsuite> <!-- practise.CreateContactTest -->
