<?xml version="1.0" encoding="UTF-8"?>
<!-- Generated by org.testng.reporters.JUnitReportReporter -->
<testsuite hostname="DESKTOP-P6NGEVN" failures="0" tests="1" name="practise.CreateNewOrgTest" time="27.632" errors="0" timestamp="2023-03-29T14:35:45 IST" skipped="0">
  <testcase classname="practise.CreateNewOrgTest" name="createOrganisationTest" time="27.632"/>
  <system-out/>
</testsuite> <!-- practise.CreateNewOrgTest -->
